{"C:\\Users\\Diego Apolinário\\Desktop\\GitHub\\spotifyradio\\server\\config.js": {"path":"C:\\Users\\Diego Apolinário\\Desktop\\GitHub\\spotifyradio\\server\\config.js","statementMap":{"0":{"start":{"line":4,"column":19},"end":{"line":4,"column":58}},"1":{"start":{"line":5,"column":13},"end":{"line":5,"column":37}},"2":{"start":{"line":6,"column":23},"end":{"line":6,"column":43}},"3":{"start":{"line":7,"column":24},"end":{"line":7,"column":45}}},"fnMap":{},"branchMap":{"0":{"loc":{"start":{"line":10,"column":8},"end":{"line":10,"column":32}},"type":"binary-expr","locations":[{"start":{"line":10,"column":8},"end":{"line":10,"column":24}},{"start":{"line":10,"column":28},"end":{"line":10,"column":32}}],"line":10}},"s":{"0":1,"1":1,"2":1,"3":1},"f":{},"b":{"0":[1,1]},"_coverageSchema":"1a1c01bbd47fc00a2c39e90264f33305004495a9","hash":"496cd5d00c00a5e8467ca1a4406ca510c657c31d"}
,"C:\\Users\\Diego Apolinário\\Desktop\\GitHub\\spotifyradio\\server\\controller.js": {"path":"C:\\Users\\Diego Apolinário\\Desktop\\GitHub\\spotifyradio\\server\\controller.js","statementMap":{"0":{"start":{"line":5,"column":4},"end":{"line":5,"column":32}},"1":{"start":{"line":9,"column":4},"end":{"line":9,"column":47}}},"fnMap":{"0":{"name":"(anonymous_0)","decl":{"start":{"line":4,"column":2},"end":{"line":4,"column":3}},"loc":{"start":{"line":4,"column":15},"end":{"line":6,"column":3}},"line":4},"1":{"name":"(anonymous_1)","decl":{"start":{"line":8,"column":2},"end":{"line":8,"column":3}},"loc":{"start":{"line":8,"column":31},"end":{"line":10,"column":3}},"line":8}},"branchMap":{},"s":{"0":1,"1":0},"f":{"0":1,"1":0},"b":{},"_coverageSchema":"1a1c01bbd47fc00a2c39e90264f33305004495a9","hash":"f147651fa30c26776032932fa39e469b24442bef"}
,"C:\\Users\\Diego Apolinário\\Desktop\\GitHub\\spotifyradio\\server\\routes.js": {"path":"C:\\Users\\Diego Apolinário\\Desktop\\GitHub\\spotifyradio\\server\\routes.js","statementMap":{"0":{"start":{"line":14,"column":4},"end":{"line":14,"column":10}},"1":{"start":{"line":15,"column":19},"end":{"line":15,"column":35}},"2":{"start":{"line":18,"column":26},"end":{"line":18,"column":33}},"3":{"start":{"line":20,"column":2},"end":{"line":26,"column":3}},"4":{"start":{"line":21,"column":4},"end":{"line":23,"column":6}},"5":{"start":{"line":25,"column":4},"end":{"line":25,"column":25}},"6":{"start":{"line":28,"column":2},"end":{"line":41,"column":3}},"7":{"start":{"line":31,"column":8},"end":{"line":31,"column":48}},"8":{"start":{"line":40,"column":4},"end":{"line":40,"column":32}},"9":{"start":{"line":43,"column":2},"end":{"line":49,"column":3}},"10":{"start":{"line":46,"column":8},"end":{"line":46,"column":54}},"11":{"start":{"line":48,"column":4},"end":{"line":48,"column":32}},"12":{"start":{"line":52,"column":2},"end":{"line":65,"column":3}},"13":{"start":{"line":56,"column":8},"end":{"line":56,"column":43}},"14":{"start":{"line":57,"column":24},"end":{"line":57,"column":42}},"15":{"start":{"line":58,"column":4},"end":{"line":62,"column":5}},"16":{"start":{"line":59,"column":6},"end":{"line":61,"column":9}},"17":{"start":{"line":64,"column":4},"end":{"line":64,"column":33}},"18":{"start":{"line":67,"column":2},"end":{"line":67,"column":25}},"19":{"start":{"line":68,"column":2},"end":{"line":68,"column":23}},"20":{"start":{"line":72,"column":2},"end":{"line":76,"column":3}},"21":{"start":{"line":73,"column":4},"end":{"line":73,"column":49}},"22":{"start":{"line":74,"column":4},"end":{"line":74,"column":27}},"23":{"start":{"line":75,"column":4},"end":{"line":75,"column":25}},"24":{"start":{"line":78,"column":2},"end":{"line":78,"column":52}},"25":{"start":{"line":79,"column":2},"end":{"line":79,"column":25}},"26":{"start":{"line":80,"column":2},"end":{"line":80,"column":23}},"27":{"start":{"line":84,"column":2},"end":{"line":85,"column":47}},"28":{"start":{"line":85,"column":18},"end":{"line":85,"column":46}}},"fnMap":{"0":{"name":"routes","decl":{"start":{"line":17,"column":15},"end":{"line":17,"column":21}},"loc":{"start":{"line":17,"column":40},"end":{"line":69,"column":1}},"line":17},"1":{"name":"handleError","decl":{"start":{"line":71,"column":9},"end":{"line":71,"column":20}},"loc":{"start":{"line":71,"column":38},"end":{"line":81,"column":1}},"line":71},"2":{"name":"handler","decl":{"start":{"line":83,"column":16},"end":{"line":83,"column":23}},"loc":{"start":{"line":83,"column":42},"end":{"line":86,"column":1}},"line":83},"3":{"name":"(anonymous_3)","decl":{"start":{"line":85,"column":9},"end":{"line":85,"column":10}},"loc":{"start":{"line":85,"column":18},"end":{"line":85,"column":46}},"line":85}},"branchMap":{"0":{"loc":{"start":{"line":20,"column":2},"end":{"line":26,"column":3}},"type":"if","locations":[{"start":{"line":20,"column":2},"end":{"line":26,"column":3}},{"start":{},"end":{}}],"line":20},"1":{"loc":{"start":{"line":20,"column":5},"end":{"line":20,"column":36}},"type":"binary-expr","locations":[{"start":{"line":20,"column":5},"end":{"line":20,"column":21}},{"start":{"line":20,"column":25},"end":{"line":20,"column":36}}],"line":20},"2":{"loc":{"start":{"line":28,"column":2},"end":{"line":41,"column":3}},"type":"if","locations":[{"start":{"line":28,"column":2},"end":{"line":41,"column":3}},{"start":{},"end":{}}],"line":28},"3":{"loc":{"start":{"line":28,"column":5},"end":{"line":28,"column":40}},"type":"binary-expr","locations":[{"start":{"line":28,"column":5},"end":{"line":28,"column":21}},{"start":{"line":28,"column":25},"end":{"line":28,"column":40}}],"line":28},"4":{"loc":{"start":{"line":43,"column":2},"end":{"line":49,"column":3}},"type":"if","locations":[{"start":{"line":43,"column":2},"end":{"line":49,"column":3}},{"start":{},"end":{}}],"line":43},"5":{"loc":{"start":{"line":43,"column":5},"end":{"line":43,"column":46}},"type":"binary-expr","locations":[{"start":{"line":43,"column":5},"end":{"line":43,"column":21}},{"start":{"line":43,"column":25},"end":{"line":43,"column":46}}],"line":43},"6":{"loc":{"start":{"line":52,"column":2},"end":{"line":65,"column":3}},"type":"if","locations":[{"start":{"line":52,"column":2},"end":{"line":65,"column":3}},{"start":{},"end":{}}],"line":52},"7":{"loc":{"start":{"line":58,"column":4},"end":{"line":62,"column":5}},"type":"if","locations":[{"start":{"line":58,"column":4},"end":{"line":62,"column":5}},{"start":{},"end":{}}],"line":58},"8":{"loc":{"start":{"line":72,"column":2},"end":{"line":76,"column":3}},"type":"if","locations":[{"start":{"line":72,"column":2},"end":{"line":76,"column":3}},{"start":{},"end":{}}],"line":72}},"s":{"0":1,"1":1,"2":3,"3":3,"4":1,"5":1,"6":2,"7":1,"8":1,"9":1,"10":1,"11":1,"12":0,"13":0,"14":0,"15":0,"16":0,"17":0,"18":0,"19":0,"20":0,"21":0,"22":0,"23":0,"24":0,"25":0,"26":0,"27":3,"28":0},"f":{"0":3,"1":0,"2":3,"3":0},"b":{"0":[1,2],"1":[3,3],"2":[1,1],"3":[2,2],"4":[1,0],"5":[1,1],"6":[0,0],"7":[0,0],"8":[0,0]},"_coverageSchema":"1a1c01bbd47fc00a2c39e90264f33305004495a9","hash":"5e11ce733296511efd1fc46f02eebd39c245f579"}
,"C:\\Users\\Diego Apolinário\\Desktop\\GitHub\\spotifyradio\\server\\service.js": {"path":"C:\\Users\\Diego Apolinário\\Desktop\\GitHub\\spotifyradio\\server\\service.js","statementMap":{"0":{"start":{"line":11,"column":4},"end":{"line":11,"column":10}},"1":{"start":{"line":14,"column":4},"end":{"line":14,"column":40}},"2":{"start":{"line":19,"column":25},"end":{"line":19,"column":52}},"3":{"start":{"line":21,"column":4},"end":{"line":21,"column":41}},"4":{"start":{"line":22,"column":21},"end":{"line":22,"column":42}},"5":{"start":{"line":23,"column":4},"end":{"line":26,"column":5}},"6":{"start":{"line":33,"column":8},"end":{"line":33,"column":36}},"7":{"start":{"line":34,"column":4},"end":{"line":37,"column":5}}},"fnMap":{"0":{"name":"(anonymous_0)","decl":{"start":{"line":13,"column":2},"end":{"line":13,"column":3}},"loc":{"start":{"line":13,"column":29},"end":{"line":15,"column":3}},"line":13},"1":{"name":"(anonymous_1)","decl":{"start":{"line":17,"column":2},"end":{"line":17,"column":3}},"loc":{"start":{"line":17,"column":25},"end":{"line":27,"column":3}},"line":17},"2":{"name":"(anonymous_2)","decl":{"start":{"line":29,"column":2},"end":{"line":29,"column":3}},"loc":{"start":{"line":29,"column":27},"end":{"line":38,"column":3}},"line":29}},"branchMap":{},"s":{"0":1,"1":0,"2":0,"3":0,"4":0,"5":0,"6":0,"7":0},"f":{"0":0,"1":0,"2":0},"b":{},"_coverageSchema":"1a1c01bbd47fc00a2c39e90264f33305004495a9","hash":"b7edebaf9008af3dabdf5d2f92499a98b9658fbe"}
,"C:\\Users\\Diego Apolinário\\Desktop\\GitHub\\spotifyradio\\server\\util.js": {"path":"C:\\Users\\Diego Apolinário\\Desktop\\GitHub\\spotifyradio\\server\\util.js","statementMap":{"0":{"start":{"line":3,"column":12},"end":{"line":11,"column":2}},"1":{"start":{"line":13,"column":22},"end":{"line":13,"column":25}}},"fnMap":{},"branchMap":{},"s":{"0":1,"1":1},"f":{},"b":{},"_coverageSchema":"1a1c01bbd47fc00a2c39e90264f33305004495a9","hash":"20da430f2696941439e2a051a7853c8b39c40b5b"}
,"C:\\Users\\Diego Apolinário\\Desktop\\GitHub\\spotifyradio\\tests\\unit\\_util\\testUtil.js": {"path":"C:\\Users\\Diego Apolinário\\Desktop\\GitHub\\spotifyradio\\tests\\unit\\_util\\testUtil.js","statementMap":{"0":{"start":{"line":7,"column":4},"end":{"line":14,"column":6}},"1":{"start":{"line":9,"column":8},"end":{"line":11,"column":9}},"2":{"start":{"line":10,"column":10},"end":{"line":10,"column":25}},"3":{"start":{"line":12,"column":8},"end":{"line":12,"column":23}},"4":{"start":{"line":18,"column":4},"end":{"line":24,"column":6}},"5":{"start":{"line":20,"column":8},"end":{"line":20,"column":21}},"6":{"start":{"line":22,"column":8},"end":{"line":22,"column":23}},"7":{"start":{"line":28,"column":26},"end":{"line":28,"column":81}},"8":{"start":{"line":29,"column":21},"end":{"line":29,"column":62}},"9":{"start":{"line":30,"column":17},"end":{"line":40,"column":5}},"10":{"start":{"line":42,"column":4},"end":{"line":45,"column":5}},"11":{"start":{"line":43,"column":20},"end":{"line":43,"column":39}}},"fnMap":{"0":{"name":"(anonymous_0)","decl":{"start":{"line":6,"column":2},"end":{"line":6,"column":3}},"loc":{"start":{"line":6,"column":37},"end":{"line":15,"column":3}},"line":6},"1":{"name":"(anonymous_1)","decl":{"start":{"line":8,"column":6},"end":{"line":8,"column":7}},"loc":{"start":{"line":8,"column":12},"end":{"line":13,"column":7}},"line":8},"2":{"name":"(anonymous_2)","decl":{"start":{"line":17,"column":2},"end":{"line":17,"column":3}},"loc":{"start":{"line":17,"column":40},"end":{"line":25,"column":3}},"line":17},"3":{"name":"(anonymous_3)","decl":{"start":{"line":19,"column":6},"end":{"line":19,"column":7}},"loc":{"start":{"line":19,"column":27},"end":{"line":23,"column":7}},"line":19},"4":{"name":"(anonymous_4)","decl":{"start":{"line":27,"column":2},"end":{"line":27,"column":3}},"loc":{"start":{"line":27,"column":30},"end":{"line":46,"column":3}},"line":27},"5":{"name":"(anonymous_5)","decl":{"start":{"line":29,"column":54},"end":{"line":29,"column":55}},"loc":{"start":{"line":29,"column":59},"end":{"line":29,"column":61}},"line":29},"6":{"name":"(anonymous_6)","decl":{"start":{"line":43,"column":14},"end":{"line":43,"column":15}},"loc":{"start":{"line":43,"column":20},"end":{"line":43,"column":39}},"line":43}},"branchMap":{},"s":{"0":5,"1":0,"2":0,"3":0,"4":3,"5":0,"6":0,"7":3,"8":3,"9":3,"10":3,"11":3},"f":{"0":5,"1":0,"2":3,"3":0,"4":3,"5":0,"6":3},"b":{},"_coverageSchema":"1a1c01bbd47fc00a2c39e90264f33305004495a9","hash":"17d387c0f7f6c68cbadf2cce4153f7cc9abdc1ec"}
}
